<?xml version="1.0" encoding="UTF-8"?>
<testng-results ignored="0" total="2" passed="2" failed="0" skipped="0">
  <reporter-output>
  </reporter-output>
  <suite started-at="2024-10-14T21:09:56 IST" name="Master Test Suite" finished-at="2024-10-14T21:10:13 IST" duration-ms="16562">
    <groups>
      <group name="Master">
        <method signature="TC001LoginTestCase.loginTest()[pri:0, instance:testCases.TC001LoginTestCase@4066c471]" name="loginTest" class="testCases.TC001LoginTestCase"/>
        <method signature="TC002LoginTestCase.loginTest()[pri:0, instance:testCases.TC002LoginTestCase@30c8681]" name="loginTest" class="testCases.TC002LoginTestCase"/>
      </group> <!-- Master -->
      <group name="Sanity">
        <method signature="TC002LoginTestCase.loginTest()[pri:0, instance:testCases.TC002LoginTestCase@30c8681]" name="loginTest" class="testCases.TC002LoginTestCase"/>
      </group> <!-- Sanity -->
      <group name="Regression">
        <method signature="TC001LoginTestCase.loginTest()[pri:0, instance:testCases.TC001LoginTestCase@4066c471]" name="loginTest" class="testCases.TC001LoginTestCase"/>
      </group> <!-- Regression -->
    </groups>
    <test started-at="2024-10-14T21:09:56 IST" name="Project Sample" finished-at="2024-10-14T21:10:13 IST" duration-ms="16562">
      <class name="testCases.TC001LoginTestCase">
        <test-method is-config="true" signature="setUp(java.lang.String,java.lang.String)[pri:0, instance:testCases.TC001LoginTestCase@4066c471]" started-at="2024-10-14T21:09:57 IST" name="setUp" finished-at="2024-10-14T21:10:02 IST" duration-ms="5781" status="PASS">
          <params>
            <param index="0">
              <value>
                <![CDATA[windows]]>
              </value>
            </param>
            <param index="1">
              <value>
                <![CDATA[chrome]]>
              </value>
            </param>
          </params>
          <reporter-output>
          </reporter-output>
        </test-method> <!-- setUp -->
        <test-method signature="loginTest()[pri:0, instance:testCases.TC001LoginTestCase@4066c471]" started-at="2024-10-14T21:10:02 IST" name="loginTest" finished-at="2024-10-14T21:10:05 IST" duration-ms="2270" status="PASS">
          <reporter-output>
          </reporter-output>
        </test-method> <!-- loginTest -->
        <test-method is-config="true" signature="tearDown()[pri:0, instance:testCases.TC001LoginTestCase@4066c471]" started-at="2024-10-14T21:10:05 IST" name="tearDown" finished-at="2024-10-14T21:10:05 IST" duration-ms="151" status="PASS">
          <reporter-output>
          </reporter-output>
        </test-method> <!-- tearDown -->
      </class> <!-- testCases.TC001LoginTestCase -->
      <class name="testCases.TC002LoginTestCase">
        <test-method is-config="true" signature="setUp(java.lang.String,java.lang.String)[pri:0, instance:testCases.TC002LoginTestCase@30c8681]" started-at="2024-10-14T21:10:05 IST" name="setUp" finished-at="2024-10-14T21:10:10 IST" duration-ms="5130" status="PASS">
          <params>
            <param index="0">
              <value>
                <![CDATA[windows]]>
              </value>
            </param>
            <param index="1">
              <value>
                <![CDATA[chrome]]>
              </value>
            </param>
          </params>
          <reporter-output>
          </reporter-output>
        </test-method> <!-- setUp -->
        <test-method signature="loginTest()[pri:0, instance:testCases.TC002LoginTestCase@30c8681]" started-at="2024-10-14T21:10:10 IST" name="loginTest" finished-at="2024-10-14T21:10:13 IST" duration-ms="2853" status="PASS">
          <reporter-output>
          </reporter-output>
        </test-method> <!-- loginTest -->
        <test-method is-config="true" signature="tearDown()[pri:0, instance:testCases.TC002LoginTestCase@30c8681]" started-at="2024-10-14T21:10:13 IST" name="tearDown" finished-at="2024-10-14T21:10:13 IST" duration-ms="161" status="PASS">
          <reporter-output>
          </reporter-output>
        </test-method> <!-- tearDown -->
      </class> <!-- testCases.TC002LoginTestCase -->
    </test> <!-- Project Sample -->
  </suite> <!-- Master Test Suite -->
</testng-results>
